1521357590775	geckodriver	INFO	geckodriver 0.20.0
1521357590813	geckodriver	INFO	Listening on 127.0.0.1:34369
1521357591800	mozrunner::runner	INFO	Running command: "/usr/bin/firefox" "-marionette" "-profile" "/tmp/rust_mozprofile.m45pYh4Oqat8"
1521357595186	addons.xpi-utils	WARN	addMetadata: Add-on langpack-en-GB@firefox.mozilla.org is invalid: Error: Install manifest specifies unknown type: null (resource://gre/modules/addons/XPIInstall.jsm:570:11) JS Stack trace: loadManifestFromRDF@XPIInstall.jsm:570:11 < loadFromRDF@XPIInstall.jsm:873:25 < loadManifestFromZipReader@XPIInstall.jsm:913:21 < loadManifestFromZipFile@XPIInstall.jsm:961:26 < this.loadManifestFromFile@XPIInstall.jsm:970:12 < syncLoadManifestFromFile@XPIProvider.jsm:938:3 < addMetadata@XPIProviderUtils.js:1176:21 < processFileChanges@XPIProviderUtils.js:1532:23 < checkForChanges@XPIProvider.jsm:3263:34 < startup@XPIProvider.jsm:2182:25 < callProvider@AddonManager.jsm:264:12 < _startProvider@AddonManager.jsm:740:5 < startup@AddonManager.jsm:907:9 < startup@AddonManager.jsm:3089:5 < observe@addonManager.js:65:9
1521357595188	addons.xpi-utils	WARN	Could not uninstall invalid item from locked install location
1521357595208	addons.xpi-utils	WARN	addMetadata: Add-on langpack-en-ZA@firefox.mozilla.org is invalid: Error: Install manifest specifies unknown type: null (resource://gre/modules/addons/XPIInstall.jsm:570:11) JS Stack trace: loadManifestFromRDF@XPIInstall.jsm:570:11 < loadFromRDF@XPIInstall.jsm:873:25 < loadManifestFromZipReader@XPIInstall.jsm:913:21 < loadManifestFromZipFile@XPIInstall.jsm:961:26 < this.loadManifestFromFile@XPIInstall.jsm:970:12 < syncLoadManifestFromFile@XPIProvider.jsm:938:3 < addMetadata@XPIProviderUtils.js:1176:21 < processFileChanges@XPIProviderUtils.js:1532:23 < checkForChanges@XPIProvider.jsm:3263:34 < startup@XPIProvider.jsm:2182:25 < callProvider@AddonManager.jsm:264:12 < _startProvider@AddonManager.jsm:740:5 < startup@AddonManager.jsm:907:9 < startup@AddonManager.jsm:3089:5 < observe@addonManager.js:65:9
1521357595210	addons.xpi-utils	WARN	Could not uninstall invalid item from locked install location
1521357595714	Marionette	INFO	Enabled via --marionette

(firefox:2908): GLib-GObject-CRITICAL **: g_object_ref: assertion 'object->ref_count > 0' failed

(firefox:2908): GLib-GObject-CRITICAL **: g_object_unref: assertion 'object->ref_count > 0' failed

(firefox:2908): GLib-GObject-CRITICAL **: g_object_ref: assertion 'object->ref_count > 0' failed

(firefox:2908): GLib-GObject-CRITICAL **: g_object_unref: assertion 'object->ref_count > 0' failed

(firefox:2908): GLib-GObject-CRITICAL **: g_object_ref: assertion 'object->ref_count > 0' failed

(firefox:2908): GLib-GObject-CRITICAL **: g_object_unref: assertion 'object->ref_count > 0' failed

(/usr/lib/firefox/firefox:2959): GLib-GObject-CRITICAL **: g_object_ref: assertion 'object->ref_count > 0' failed

(/usr/lib/firefox/firefox:2959): GLib-GObject-CRITICAL **: g_object_unref: assertion 'object->ref_count > 0' failed

(/usr/lib/firefox/firefox:2959): GLib-GObject-CRITICAL **: g_object_ref: assertion 'object->ref_count > 0' failed

(/usr/lib/firefox/firefox:2959): GLib-GObject-CRITICAL **: g_object_unref: assertion 'object->ref_count > 0' failed

(/usr/lib/firefox/firefox:2959): GLib-GObject-CRITICAL **: g_object_ref: assertion 'object->ref_count > 0' failed

(/usr/lib/firefox/firefox:2959): GLib-GObject-CRITICAL **: g_object_unref: assertion 'object->ref_count > 0' failed
JavaScript error: resource://gre/modules/addons/XPIProvider.jsm, line 3345: TypeError: addon is null
1521357602496	Marionette	INFO	Listening on port 39303
1521357602648	Marionette	WARN	TLS certificate errors will be ignored for this session
*** UTM:SVC TimerManager:registerTimer called after profile-before-change notification. Ignoring timer registration for id: telemetry_modules_ping

(firefox:2908): GLib-GObject-CRITICAL **: g_object_ref: assertion 'object->ref_count > 0' failed

(firefox:2908): GLib-GObject-CRITICAL **: g_object_unref: assertion 'object->ref_count > 0' failed

(firefox:2908): GLib-GObject-CRITICAL **: g_object_ref: assertion 'object->ref_count > 0' failed

(firefox:2908): GLib-GObject-CRITICAL **: g_object_unref: assertion 'object->ref_count > 0' failed

(firefox:2908): GLib-GObject-CRITICAL **: g_object_ref: assertion 'object->ref_count > 0' failed

(firefox:2908): GLib-GObject-CRITICAL **: g_object_unref: assertion 'object->ref_count > 0' failed

(firefox:2908): GLib-GObject-CRITICAL **: g_object_ref: assertion 'object->ref_count > 0' failed

(firefox:2908): GLib-GObject-CRITICAL **: g_object_unref: assertion 'object->ref_count > 0' failed

(firefox:2908): GLib-GObject-CRITICAL **: g_object_ref: assertion 'object->ref_count > 0' failed

(firefox:2908): GLib-GObject-CRITICAL **: g_object_unref: assertion 'object->ref_count > 0' failed

(firefox:2908): GLib-GObject-CRITICAL **: g_object_ref: assertion 'object->ref_count > 0' failed

(firefox:2908): GLib-GObject-CRITICAL **: g_object_unref: assertion 'object->ref_count > 0' failed

(firefox:2908): GLib-GObject-CRITICAL **: g_object_ref: assertion 'object->ref_count > 0' failed

(firefox:2908): GLib-GObject-CRITICAL **: g_object_unref: assertion 'object->ref_count > 0' failed
1521357644982	geckodriver	INFO	geckodriver 0.20.0
1521357645016	geckodriver	INFO	Listening on 127.0.0.1:57506
1521357646043	mozrunner::runner	INFO	Running command: "/usr/bin/firefox" "-marionette" "-profile" "/tmp/rust_mozprofile.Nomo209GwOzJ"
1521357648306	addons.xpi-utils	WARN	addMetadata: Add-on langpack-en-GB@firefox.mozilla.org is invalid: Error: Install manifest specifies unknown type: null (resource://gre/modules/addons/XPIInstall.jsm:570:11) JS Stack trace: loadManifestFromRDF@XPIInstall.jsm:570:11 < loadFromRDF@XPIInstall.jsm:873:25 < loadManifestFromZipReader@XPIInstall.jsm:913:21 < loadManifestFromZipFile@XPIInstall.jsm:961:26 < this.loadManifestFromFile@XPIInstall.jsm:970:12 < syncLoadManifestFromFile@XPIProvider.jsm:938:3 < addMetadata@XPIProviderUtils.js:1176:21 < processFileChanges@XPIProviderUtils.js:1532:23 < checkForChanges@XPIProvider.jsm:3263:34 < startup@XPIProvider.jsm:2182:25 < callProvider@AddonManager.jsm:264:12 < _startProvider@AddonManager.jsm:740:5 < startup@AddonManager.jsm:907:9 < startup@AddonManager.jsm:3089:5 < observe@addonManager.js:65:9
1521357648308	addons.xpi-utils	WARN	Could not uninstall invalid item from locked install location
1521357648312	addons.xpi-utils	WARN	addMetadata: Add-on langpack-en-ZA@firefox.mozilla.org is invalid: Error: Install manifest specifies unknown type: null (resource://gre/modules/addons/XPIInstall.jsm:570:11) JS Stack trace: loadManifestFromRDF@XPIInstall.jsm:570:11 < loadFromRDF@XPIInstall.jsm:873:25 < loadManifestFromZipReader@XPIInstall.jsm:913:21 < loadManifestFromZipFile@XPIInstall.jsm:961:26 < this.loadManifestFromFile@XPIInstall.jsm:970:12 < syncLoadManifestFromFile@XPIProvider.jsm:938:3 < addMetadata@XPIProviderUtils.js:1176:21 < processFileChanges@XPIProviderUtils.js:1532:23 < checkForChanges@XPIProvider.jsm:3263:34 < startup@XPIProvider.jsm:2182:25 < callProvider@AddonManager.jsm:264:12 < _startProvider@AddonManager.jsm:740:5 < startup@AddonManager.jsm:907:9 < startup@AddonManager.jsm:3089:5 < observe@addonManager.js:65:9
1521357648312	addons.xpi-utils	WARN	Could not uninstall invalid item from locked install location
1521357648464	Marionette	INFO	Enabled via --marionette

(firefox:3063): GLib-GObject-CRITICAL **: g_object_ref: assertion 'object->ref_count > 0' failed

(firefox:3063): GLib-GObject-CRITICAL **: g_object_unref: assertion 'object->ref_count > 0' failed

(firefox:3063): GLib-GObject-CRITICAL **: g_object_ref: assertion 'object->ref_count > 0' failed

(firefox:3063): GLib-GObject-CRITICAL **: g_object_unref: assertion 'object->ref_count > 0' failed

(firefox:3063): GLib-GObject-CRITICAL **: g_object_ref: assertion 'object->ref_count > 0' failed

(firefox:3063): GLib-GObject-CRITICAL **: g_object_unref: assertion 'object->ref_count > 0' failed

(/usr/lib/firefox/firefox:3115): GLib-GObject-CRITICAL **: g_object_ref: assertion 'object->ref_count > 0' failed

(/usr/lib/firefox/firefox:3115): GLib-GObject-CRITICAL **: g_object_unref: assertion 'object->ref_count > 0' failed

(/usr/lib/firefox/firefox:3115): GLib-GObject-CRITICAL **: g_object_ref: assertion 'object->ref_count > 0' failed

(/usr/lib/firefox/firefox:3115): GLib-GObject-CRITICAL **: g_object_unref: assertion 'object->ref_count > 0' failed

(/usr/lib/firefox/firefox:3115): GLib-GObject-CRITICAL **: g_object_ref: assertion 'object->ref_count > 0' failed

(/usr/lib/firefox/firefox:3115): GLib-GObject-CRITICAL **: g_object_unref: assertion 'object->ref_count > 0' failed
JavaScript error: resource://gre/modules/addons/XPIProvider.jsm, line 3345: TypeError: addon is null
1521357652694	Marionette	INFO	Listening on port 57423
1521357653312	Marionette	WARN	TLS certificate errors will be ignored for this session
1521357855593	geckodriver	INFO	geckodriver 0.20.0
1521357855633	geckodriver	INFO	Listening on 127.0.0.1:47861
1521357856586	mozrunner::runner	INFO	Running command: "/usr/bin/firefox" "-marionette" "-profile" "/tmp/rust_mozprofile.C9CpKssZMtW2"
1521357858446	addons.xpi-utils	WARN	addMetadata: Add-on langpack-en-GB@firefox.mozilla.org is invalid: Error: Install manifest specifies unknown type: null (resource://gre/modules/addons/XPIInstall.jsm:570:11) JS Stack trace: loadManifestFromRDF@XPIInstall.jsm:570:11 < loadFromRDF@XPIInstall.jsm:873:25 < loadManifestFromZipReader@XPIInstall.jsm:913:21 < loadManifestFromZipFile@XPIInstall.jsm:961:26 < this.loadManifestFromFile@XPIInstall.jsm:970:12 < syncLoadManifestFromFile@XPIProvider.jsm:938:3 < addMetadata@XPIProviderUtils.js:1176:21 < processFileChanges@XPIProviderUtils.js:1532:23 < checkForChanges@XPIProvider.jsm:3263:34 < startup@XPIProvider.jsm:2182:25 < callProvider@AddonManager.jsm:264:12 < _startProvider@AddonManager.jsm:740:5 < startup@AddonManager.jsm:907:9 < startup@AddonManager.jsm:3089:5 < observe@addonManager.js:65:9
1521357858446	addons.xpi-utils	WARN	Could not uninstall invalid item from locked install location
1521357858448	addons.xpi-utils	WARN	addMetadata: Add-on langpack-en-ZA@firefox.mozilla.org is invalid: Error: Install manifest specifies unknown type: null (resource://gre/modules/addons/XPIInstall.jsm:570:11) JS Stack trace: loadManifestFromRDF@XPIInstall.jsm:570:11 < loadFromRDF@XPIInstall.jsm:873:25 < loadManifestFromZipReader@XPIInstall.jsm:913:21 < loadManifestFromZipFile@XPIInstall.jsm:961:26 < this.loadManifestFromFile@XPIInstall.jsm:970:12 < syncLoadManifestFromFile@XPIProvider.jsm:938:3 < addMetadata@XPIProviderUtils.js:1176:21 < processFileChanges@XPIProviderUtils.js:1532:23 < checkForChanges@XPIProvider.jsm:3263:34 < startup@XPIProvider.jsm:2182:25 < callProvider@AddonManager.jsm:264:12 < _startProvider@AddonManager.jsm:740:5 < startup@AddonManager.jsm:907:9 < startup@AddonManager.jsm:3089:5 < observe@addonManager.js:65:9
1521357858450	addons.xpi-utils	WARN	Could not uninstall invalid item from locked install location
1521357858662	Marionette	INFO	Enabled via --marionette

(firefox:3234): GLib-GObject-CRITICAL **: g_object_ref: assertion 'object->ref_count > 0' failed

(firefox:3234): GLib-GObject-CRITICAL **: g_object_unref: assertion 'object->ref_count > 0' failed

(firefox:3234): GLib-GObject-CRITICAL **: g_object_ref: assertion 'object->ref_count > 0' failed

(firefox:3234): GLib-GObject-CRITICAL **: g_object_unref: assertion 'object->ref_count > 0' failed

(firefox:3234): GLib-GObject-CRITICAL **: g_object_ref: assertion 'object->ref_count > 0' failed

(firefox:3234): GLib-GObject-CRITICAL **: g_object_unref: assertion 'object->ref_count > 0' failed
JavaScript error: resource://gre/modules/addons/XPIProvider.jsm, line 3345: TypeError: addon is null
1521357863088	Marionette	INFO	Listening on port 44422
1521357863352	Marionette	WARN	TLS certificate errors will be ignored for this session

(/usr/lib/firefox/firefox:3285): GLib-GObject-CRITICAL **: g_object_ref: assertion 'object->ref_count > 0' failed

(/usr/lib/firefox/firefox:3285): GLib-GObject-CRITICAL **: g_object_unref: assertion 'object->ref_count > 0' failed

(/usr/lib/firefox/firefox:3285): GLib-GObject-CRITICAL **: g_object_ref: assertion 'object->ref_count > 0' failed

(/usr/lib/firefox/firefox:3285): GLib-GObject-CRITICAL **: g_object_unref: assertion 'object->ref_count > 0' failed

(/usr/lib/firefox/firefox:3285): GLib-GObject-CRITICAL **: g_object_ref: assertion 'object->ref_count > 0' failed

(/usr/lib/firefox/firefox:3285): GLib-GObject-CRITICAL **: g_object_unref: assertion 'object->ref_count > 0' failed

** (firefox:3063): WARNING **: No marshaller for signature of signal 'PropertiesChanged'

** (firefox:3234): WARNING **: No marshaller for signature of signal 'PropertiesChanged'

(firefox:3234): GLib-GObject-CRITICAL **: g_object_ref: assertion 'object->ref_count > 0' failed

(firefox:3234): GLib-GObject-CRITICAL **: g_object_unref: assertion 'object->ref_count > 0' failed

(firefox:3234): GLib-GObject-CRITICAL **: g_object_ref: assertion 'object->ref_count > 0' failed

(firefox:3234): GLib-GObject-CRITICAL **: g_object_unref: assertion 'object->ref_count > 0' failed

(firefox:3234): GLib-GObject-CRITICAL **: g_object_ref: assertion 'object->ref_count > 0' failed

(firefox:3234): GLib-GObject-CRITICAL **: g_object_unref: assertion 'object->ref_count > 0' failed

(firefox:3234): GLib-GObject-CRITICAL **: g_object_ref: assertion 'object->ref_count > 0' failed

(firefox:3234): GLib-GObject-CRITICAL **: g_object_unref: assertion 'object->ref_count > 0' failed

(firefox:3234): GLib-GObject-CRITICAL **: g_object_ref: assertion 'object->ref_count > 0' failed

(firefox:3234): GLib-GObject-CRITICAL **: g_object_unref: assertion 'object->ref_count > 0' failed

(firefox:3234): GLib-GObject-CRITICAL **: g_object_ref: assertion 'object->ref_count > 0' failed

(firefox:3234): GLib-GObject-CRITICAL **: g_object_unref: assertion 'object->ref_count > 0' failed

(firefox:3234): GLib-GObject-CRITICAL **: g_object_ref: assertion 'object->ref_count > 0' failed

(firefox:3234): GLib-GObject-CRITICAL **: g_object_unref: assertion 'object->ref_count > 0' failed

(firefox:3234): GLib-GObject-CRITICAL **: g_object_ref: assertion 'object->ref_count > 0' failed

(firefox:3234): GLib-GObject-CRITICAL **: g_object_unref: assertion 'object->ref_count > 0' failed

(firefox:3063): GLib-GObject-CRITICAL **: g_object_ref: assertion 'object->ref_count > 0' failed

(firefox:3063): GLib-GObject-CRITICAL **: g_object_unref: assertion 'object->ref_count > 0' failed

(firefox:3063): GLib-GObject-CRITICAL **: g_object_ref: assertion 'object->ref_count > 0' failed

(firefox:3063): GLib-GObject-CRITICAL **: g_object_unref: assertion 'object->ref_count > 0' failed

(firefox:3063): GLib-GObject-CRITICAL **: g_object_ref: assertion 'object->ref_count > 0' failed

(firefox:3063): GLib-GObject-CRITICAL **: g_object_unref: assertion 'object->ref_count > 0' failed

(firefox:3063): GLib-GObject-CRITICAL **: g_object_ref: assertion 'object->ref_count > 0' failed

(firefox:3063): GLib-GObject-CRITICAL **: g_object_unref: assertion 'object->ref_count > 0' failed

(firefox:3063): GLib-GObject-CRITICAL **: g_object_ref: assertion 'object->ref_count > 0' failed

(firefox:3063): GLib-GObject-CRITICAL **: g_object_unref: assertion 'object->ref_count > 0' failed

(firefox:3063): GLib-GObject-CRITICAL **: g_object_ref: assertion 'object->ref_count > 0' failed

(firefox:3063): GLib-GObject-CRITICAL **: g_object_unref: assertion 'object->ref_count > 0' failed

(firefox:3063): GLib-GObject-CRITICAL **: g_object_ref: assertion 'object->ref_count > 0' failed

(firefox:3063): GLib-GObject-CRITICAL **: g_object_unref: assertion 'object->ref_count > 0' failed
1521361202340	geckodriver	INFO	geckodriver 0.20.0
1521361202375	geckodriver	INFO	Listening on 127.0.0.1:47639
1521361203379	mozrunner::runner	INFO	Running command: "/usr/bin/firefox" "-marionette" "-profile" "/tmp/rust_mozprofile.lbWRtBQTSr4G"
1521361205364	addons.xpi-utils	WARN	addMetadata: Add-on langpack-en-GB@firefox.mozilla.org is invalid: Error: Install manifest specifies unknown type: null (resource://gre/modules/addons/XPIInstall.jsm:570:11) JS Stack trace: loadManifestFromRDF@XPIInstall.jsm:570:11 < loadFromRDF@XPIInstall.jsm:873:25 < loadManifestFromZipReader@XPIInstall.jsm:913:21 < loadManifestFromZipFile@XPIInstall.jsm:961:26 < this.loadManifestFromFile@XPIInstall.jsm:970:12 < syncLoadManifestFromFile@XPIProvider.jsm:938:3 < addMetadata@XPIProviderUtils.js:1176:21 < processFileChanges@XPIProviderUtils.js:1532:23 < checkForChanges@XPIProvider.jsm:3263:34 < startup@XPIProvider.jsm:2182:25 < callProvider@AddonManager.jsm:264:12 < _startProvider@AddonManager.jsm:740:5 < startup@AddonManager.jsm:907:9 < startup@AddonManager.jsm:3089:5 < observe@addonManager.js:65:9
1521361205404	addons.xpi-utils	WARN	Could not uninstall invalid item from locked install location
1521361205426	addons.xpi-utils	WARN	addMetadata: Add-on langpack-en-ZA@firefox.mozilla.org is invalid: Error: Install manifest specifies unknown type: null (resource://gre/modules/addons/XPIInstall.jsm:570:11) JS Stack trace: loadManifestFromRDF@XPIInstall.jsm:570:11 < loadFromRDF@XPIInstall.jsm:873:25 < loadManifestFromZipReader@XPIInstall.jsm:913:21 < loadManifestFromZipFile@XPIInstall.jsm:961:26 < this.loadManifestFromFile@XPIInstall.jsm:970:12 < syncLoadManifestFromFile@XPIProvider.jsm:938:3 < addMetadata@XPIProviderUtils.js:1176:21 < processFileChanges@XPIProviderUtils.js:1532:23 < checkForChanges@XPIProvider.jsm:3263:34 < startup@XPIProvider.jsm:2182:25 < callProvider@AddonManager.jsm:264:12 < _startProvider@AddonManager.jsm:740:5 < startup@AddonManager.jsm:907:9 < startup@AddonManager.jsm:3089:5 < observe@addonManager.js:65:9
1521361205426	addons.xpi-utils	WARN	Could not uninstall invalid item from locked install location
1521361205942	Marionette	INFO	Enabled via --marionette

(firefox:2910): GLib-GObject-CRITICAL **: g_object_ref: assertion 'object->ref_count > 0' failed

(firefox:2910): GLib-GObject-CRITICAL **: g_object_unref: assertion 'object->ref_count > 0' failed

(firefox:2910): GLib-GObject-CRITICAL **: g_object_ref: assertion 'object->ref_count > 0' failed

(firefox:2910): GLib-GObject-CRITICAL **: g_object_unref: assertion 'object->ref_count > 0' failed

(firefox:2910): GLib-GObject-CRITICAL **: g_object_ref: assertion 'object->ref_count > 0' failed

(firefox:2910): GLib-GObject-CRITICAL **: g_object_unref: assertion 'object->ref_count > 0' failed

(/usr/lib/firefox/firefox:2962): GLib-GObject-CRITICAL **: g_object_ref: assertion 'object->ref_count > 0' failed

(/usr/lib/firefox/firefox:2962): GLib-GObject-CRITICAL **: g_object_unref: assertion 'object->ref_count > 0' failed

(/usr/lib/firefox/firefox:2962): GLib-GObject-CRITICAL **: g_object_ref: assertion 'object->ref_count > 0' failed

(/usr/lib/firefox/firefox:2962): GLib-GObject-CRITICAL **: g_object_unref: assertion 'object->ref_count > 0' failed

(/usr/lib/firefox/firefox:2962): GLib-GObject-CRITICAL **: g_object_ref: assertion 'object->ref_count > 0' failed

(/usr/lib/firefox/firefox:2962): GLib-GObject-CRITICAL **: g_object_unref: assertion 'object->ref_count > 0' failed
JavaScript error: resource://gre/modules/addons/XPIProvider.jsm, line 3345: TypeError: addon is null
1521361212950	Marionette	INFO	Listening on port 44066
1521361213208	Marionette	WARN	TLS certificate errors will be ignored for this session

(firefox:2910): GLib-GObject-CRITICAL **: g_object_ref: assertion 'object->ref_count > 0' failed

(firefox:2910): GLib-GObject-CRITICAL **: g_object_unref: assertion 'object->ref_count > 0' failed

(firefox:2910): GLib-GObject-CRITICAL **: g_object_ref: assertion 'object->ref_count > 0' failed

(firefox:2910): GLib-GObject-CRITICAL **: g_object_unref: assertion 'object->ref_count > 0' failed

(firefox:2910): GLib-GObject-CRITICAL **: g_object_ref: assertion 'object->ref_count > 0' failed

(firefox:2910): GLib-GObject-CRITICAL **: g_object_unref: assertion 'object->ref_count > 0' failed

(firefox:2910): GLib-GObject-CRITICAL **: g_object_ref: assertion 'object->ref_count > 0' failed

(firefox:2910): GLib-GObject-CRITICAL **: g_object_unref: assertion 'object->ref_count > 0' failed

(firefox:2910): GLib-GObject-CRITICAL **: g_object_ref: assertion 'object->ref_count > 0' failed

(firefox:2910): GLib-GObject-CRITICAL **: g_object_unref: assertion 'object->ref_count > 0' failed

(firefox:2910): GLib-GObject-CRITICAL **: g_object_ref: assertion 'object->ref_count > 0' failed

(firefox:2910): GLib-GObject-CRITICAL **: g_object_unref: assertion 'object->ref_count > 0' failed

(firefox:2910): GLib-GObject-CRITICAL **: g_object_ref: assertion 'object->ref_count > 0' failed

(firefox:2910): GLib-GObject-CRITICAL **: g_object_unref: assertion 'object->ref_count > 0' failed

(firefox:2910): GLib-GObject-CRITICAL **: g_object_ref: assertion 'object->ref_count > 0' failed

(firefox:2910): GLib-GObject-CRITICAL **: g_object_unref: assertion 'object->ref_count > 0' failed
